<?xml version="1.0" encoding="UTF-8"?>
<testng-results ignored="0" total="1" passed="1" failed="0" skipped="0">
  <reporter-output>
  </reporter-output>
  <suite started-at="2022-08-10T18:19:54 IST" name="Suite" finished-at="2022-08-10T18:20:02 IST" duration-ms="8050">
    <groups>
    </groups>
    <test started-at="2022-08-10T18:19:54 IST" name="Test" finished-at="2022-08-10T18:20:02 IST" duration-ms="8050">
      <class name="com.OpenCart.testCases.TC001_Register">
        <test-method is-config="true" signature="setup()[pri:0, instance:com.OpenCart.testCases.TC001_Register@75329a49]" started-at="2022-08-10T18:19:54 IST" name="setup" finished-at="2022-08-10T18:19:58 IST" duration-ms="4355" status="PASS">
          <reporter-output>
          </reporter-output>
        </test-method> <!-- setup -->
        <test-method signature="Register()[pri:0, instance:com.OpenCart.testCases.TC001_Register@75329a49]" started-at="2022-08-10T18:19:58 IST" name="Register" finished-at="2022-08-10T18:20:02 IST" duration-ms="3636" status="PASS">
          <reporter-output>
          </reporter-output>
        </test-method> <!-- Register -->
        <test-method is-config="true" signature="tearDown()[pri:0, instance:com.OpenCart.testCases.TC001_Register@75329a49]" started-at="2022-08-10T18:20:02 IST" name="tearDown" finished-at="2022-08-10T18:20:02 IST" duration-ms="2" status="PASS">
          <reporter-output>
          </reporter-output>
        </test-method> <!-- tearDown -->
      </class> <!-- com.OpenCart.testCases.TC001_Register -->
    </test> <!-- Test -->
  </suite> <!-- Suite -->
</testng-results>
