-------------------------------------------------------------------------------
Test set: TestSuite
-------------------------------------------------------------------------------
Tests run: 1, Failures: 1, Errors: 0, Skipped: 0, Time elapsed: 7.779 s <<< FAILURE! - in TestSuite
Register(com.OpenCart.testCases.TC001_Register)  Time elapsed: 1.787 s  <<< FAILURE!
java.lang.AssertionError
	at com.OpenCart.testCases.TC001_Register.Register(TC001_Register.java:25)

