<?xml version="1.0" encoding="UTF-8"?>
<testng-results ignored="0" total="1" passed="1" failed="0" skipped="0">
  <reporter-output>
  </reporter-output>
  <suite started-at="2022-08-11T13:44:16 IST" name="Suite" finished-at="2022-08-11T13:44:22 IST" duration-ms="6508">
    <groups>
    </groups>
    <test started-at="2022-08-11T13:44:16 IST" name="Test" finished-at="2022-08-11T13:44:22 IST" duration-ms="6508">
      <class name="com.OpenCart.testCases.TC001_Register">
        <test-method is-config="true" signature="setup()[pri:0, instance:com.OpenCart.testCases.TC001_Register@67c27493]" started-at="2022-08-11T13:44:16 IST" name="setup" finished-at="2022-08-11T13:44:20 IST" duration-ms="4618" status="PASS">
          <reporter-output>
          </reporter-output>
        </test-method> <!-- setup -->
        <test-method signature="Register()[pri:0, instance:com.OpenCart.testCases.TC001_Register@67c27493]" started-at="2022-08-11T13:44:20 IST" name="Register" finished-at="2022-08-11T13:44:22 IST" duration-ms="1819" status="PASS">
          <reporter-output>
          </reporter-output>
        </test-method> <!-- Register -->
        <test-method is-config="true" signature="tearDown()[pri:0, instance:com.OpenCart.testCases.TC001_Register@67c27493]" started-at="2022-08-11T13:44:22 IST" name="tearDown" finished-at="2022-08-11T13:44:22 IST" duration-ms="0" status="PASS">
          <reporter-output>
          </reporter-output>
        </test-method> <!-- tearDown -->
      </class> <!-- com.OpenCart.testCases.TC001_Register -->
    </test> <!-- Test -->
  </suite> <!-- Suite -->
</testng-results>
